# JRE version: Java(TM) SE Runtime Environment (7.0_75-b13) (build 1.7.0_75-b13)
# Java VM: Java HotSpot(TM) 64-Bit Server VM (24.75-b04 mixed mode windows-amd64 compressed oops)
Heap
 PSYoungGen      total 305152K, used 247681K [0x00000000eaa80000, 0x0000000100000000, 0x0000000100000000)
  eden space 265728K, 93% used [0x00000000eaa80000,0x00000000f9c60630,0x00000000fae00000)
  from space 39424K, 0% used [0x00000000fae00000,0x00000000fae00000,0x00000000fd480000)
  to   space 37888K, 0% used [0x00000000fdb00000,0x00000000fdb00000,0x0000000100000000)
 ParOldGen       total 219648K, used 196678K [0x00000000c0000000, 0x00000000cd680000, 0x00000000eaa80000)
  object space 219648K, 89% used [0x00000000c0000000,0x00000000cc011bc8,0x00000000cd680000)
 PSPermGen       total 241152K, used 218897K [0x00000000b0000000, 0x00000000beb80000, 0x00000000c0000000)
  object space 241152K, 90% used [0x00000000b0000000,0x00000000bd5c47b8,0x00000000beb80000)
GC Heap History (10 events):
Event: 12022.759 GC heap before
{Heap before GC invocations=54 (full 13):
 PSYoungGen      total 304128K, used 250551K [0x00000000eaa80000, 0x00000000ffc80000, 0x0000000100000000)
  eden space 265216K, 94% used [0x00000000eaa80000,0x00000000f9f2dc00,0x00000000fad80000)
  from space 38912K, 0% used [0x00000000fd680000,0x00000000fd680000,0x00000000ffc80000)
  to   space 40448K, 0% used [0x00000000fad80000,0x00000000fad80000,0x00000000fd500000)
 ParOldGen       total 219648K, used 183834K [0x00000000c0000000, 0x00000000cd680000, 0x00000000eaa80000)
  object space 219648K, 83% used [0x00000000c0000000,0x00000000cb386aa8,0x00000000cd680000)
 PSPermGen       total 219136K, used 193963K [0x00000000b0000000, 0x00000000bd600000, 0x00000000c0000000)
  object space 219136K, 88% used [0x00000000b0000000,0x00000000bbd6aff0,0x00000000bd600000)
Event: 12022.966 GC heap after
Heap after GC invocations=54 (full 13):
 PSYoungGen      total 289280K, used 23561K [0x00000000eaa80000, 0x00000000ffb80000, 0x0000000100000000)
  eden space 265216K, 0% used [0x00000000eaa80000,0x00000000eaa80000,0x00000000fad80000)
  from space 24064K, 97% used [0x00000000fad80000,0x00000000fc4826f8,0x00000000fc500000)
  to   space 39936K, 0% used [0x00000000fd480000,0x00000000fd480000,0x00000000ffb80000)
 ParOldGen       total 219648K, used 183834K [0x00000000c0000000, 0x00000000cd680000, 0x00000000eaa80000)
  object space 219648K, 83% used [0x00000000c0000000,0x00000000cb386aa8,0x00000000cd680000)
 PSPermGen       total 219136K, used 193963K [0x00000000b0000000, 0x00000000bd600000, 0x00000000c0000000)
  object space 219136K, 88% used [0x00000000b0000000,0x00000000bbd6aff0,0x00000000bd600000)
}
Event: 12022.966 GC heap before
{Heap before GC invocations=55 (full 14):
 PSYoungGen      total 289280K, used 23561K [0x00000000eaa80000, 0x00000000ffb80000, 0x0000000100000000)
  eden space 265216K, 0% used [0x00000000eaa80000,0x00000000eaa80000,0x00000000fad80000)
  from space 24064K, 97% used [0x00000000fad80000,0x00000000fc4826f8,0x00000000fc500000)
  to   space 39936K, 0% used [0x00000000fd480000,0x00000000fd480000,0x00000000ffb80000)
 ParOldGen       total 219648K, used 183834K [0x00000000c0000000, 0x00000000cd680000, 0x00000000eaa80000)
  object space 219648K, 83% used [0x00000000c0000000,0x00000000cb386aa8,0x00000000cd680000)
 PSPermGen       total 219136K, used 193963K [0x00000000b0000000, 0x00000000bd600000, 0x00000000c0000000)
  object space 219136K, 88% used [0x00000000b0000000,0x00000000bbd6aff0,0x00000000bd600000)
Event: 12024.012 GC heap after
Heap after GC invocations=55 (full 14):
 PSYoungGen      total 289280K, used 0K [0x00000000eaa80000, 0x00000000ffb80000, 0x0000000100000000)
  eden space 265216K, 0% used [0x00000000eaa80000,0x00000000eaa80000,0x00000000fad80000)
  from space 24064K, 0% used [0x00000000fad80000,0x00000000fad80000,0x00000000fc500000)
  to   space 39936K, 0% used [0x00000000fd480000,0x00000000fd480000,0x00000000ffb80000)
 ParOldGen       total 219648K, used 180404K [0x00000000c0000000, 0x00000000cd680000, 0x00000000eaa80000)
  object space 219648K, 82% used [0x00000000c0000000,0x00000000cb02d3a0,0x00000000cd680000)
 PSPermGen       total 225792K, used 193059K [0x00000000b0000000, 0x00000000bdc80000, 0x00000000c0000000)
  object space 225792K, 85% used [0x00000000b0000000,0x00000000bbc88f70,0x00000000bdc80000)
}
Event: 12192.488 GC heap before
{Heap before GC invocations=56 (full 14):
 PSYoungGen      total 289280K, used 265216K [0x00000000eaa80000, 0x00000000ffb80000, 0x0000000100000000)
  eden space 265216K, 100% used [0x00000000eaa80000,0x00000000fad80000,0x00000000fad80000)
  from space 24064K, 0% used [0x00000000fad80000,0x00000000fad80000,0x00000000fc500000)
  to   space 39936K, 0% used [0x00000000fd480000,0x00000000fd480000,0x00000000ffb80000)
 ParOldGen       total 219648K, used 180404K [0x00000000c0000000, 0x00000000cd680000, 0x00000000eaa80000)
  object space 219648K, 82% used [0x00000000c0000000,0x00000000cb02d3a0,0x00000000cd680000)
 PSPermGen       total 225792K, used 201391K [0x00000000b0000000, 0x00000000bdc80000, 0x00000000c0000000)
  object space 225792K, 89% used [0x00000000b0000000,0x00000000bc4abc88,0x00000000bdc80000)
Event: 12192.607 GC heap after
Heap after GC invocations=56 (full 14):
 PSYoungGen      total 305664K, used 22984K [0x00000000eaa80000, 0x0000000100000000, 0x0000000100000000)
  eden space 265728K, 0% used [0x00000000eaa80000,0x00000000eaa80000,0x00000000fae00000)
  from space 39936K, 57% used [0x00000000fd480000,0x00000000feaf2308,0x00000000ffb80000)
  to   space 39424K, 0% used [0x00000000fae00000,0x00000000fae00000,0x00000000fd480000)
 ParOldGen       total 219648K, used 180404K [0x00000000c0000000, 0x00000000cd680000, 0x00000000eaa80000)
  object space 219648K, 82% used [0x00000000c0000000,0x00000000cb02d3a0,0x00000000cd680000)
 PSPermGen       total 225792K, used 201391K [0x00000000b0000000, 0x00000000bdc80000, 0x00000000c0000000)
  object space 225792K, 89% used [0x00000000b0000000,0x00000000bc4abc88,0x00000000bdc80000)
}
Event: 12196.958 GC heap before
{Heap before GC invocations=57 (full 14):
 PSYoungGen      total 305664K, used 219648K [0x00000000eaa80000, 0x0000000100000000, 0x0000000100000000)
  eden space 265728K, 74% used [0x00000000eaa80000,0x00000000f6a8df90,0x00000000fae00000)
  from space 39936K, 57% used [0x00000000fd480000,0x00000000feaf2308,0x00000000ffb80000)
  to   space 39424K, 0% used [0x00000000fae00000,0x00000000fae00000,0x00000000fd480000)
 ParOldGen       total 219648K, used 180404K [0x00000000c0000000, 0x00000000cd680000, 0x00000000eaa80000)
  object space 219648K, 82% used [0x00000000c0000000,0x00000000cb02d3a0,0x00000000cd680000)
 PSPermGen       total 225792K, used 210693K [0x00000000b0000000, 0x00000000bdc80000, 0x00000000c0000000)
  object space 225792K, 93% used [0x00000000b0000000,0x00000000bcdc14a0,0x00000000bdc80000)
Event: 12197.097 GC heap after
Heap after GC invocations=57 (full 14):
 PSYoungGen      total 305152K, used 21461K [0x00000000eaa80000, 0x0000000100000000, 0x0000000100000000)
  eden space 265728K, 0% used [0x00000000eaa80000,0x00000000eaa80000,0x00000000fae00000)
  from space 39424K, 54% used [0x00000000fae00000,0x00000000fc2f5740,0x00000000fd480000)
  to   space 37888K, 0% used [0x00000000fdb00000,0x00000000fdb00000,0x0000000100000000)
 ParOldGen       total 219648K, used 195060K [0x00000000c0000000, 0x00000000cd680000, 0x00000000eaa80000)
  object space 219648K, 88% used [0x00000000c0000000,0x00000000cbe7d260,0x00000000cd680000)
 PSPermGen       total 225792K, used 210693K [0x00000000b0000000, 0x00000000bdc80000, 0x00000000c0000000)
  object space 225792K, 93% used [0x00000000b0000000,0x00000000bcdc14a0,0x00000000bdc80000)
}
Event: 12197.097 GC heap before
{Heap before GC invocations=58 (full 15):
 PSYoungGen      total 305152K, used 21461K [0x00000000eaa80000, 0x0000000100000000, 0x0000000100000000)
  eden space 265728K, 0% used [0x00000000eaa80000,0x00000000eaa80000,0x00000000fae00000)
  from space 39424K, 54% used [0x00000000fae00000,0x00000000fc2f5740,0x00000000fd480000)
  to   space 37888K, 0% used [0x00000000fdb00000,0x00000000fdb00000,0x0000000100000000)
 ParOldGen       total 219648K, used 195060K [0x00000000c0000000, 0x00000000cd680000, 0x00000000eaa80000)
  object space 219648K, 88% used [0x00000000c0000000,0x00000000cbe7d260,0x00000000cd680000)
 PSPermGen       total 225792K, used 210693K [0x00000000b0000000, 0x00000000bdc80000, 0x00000000c0000000)
  object space 225792K, 93% used [0x00000000b0000000,0x00000000bcdc14a0,0x00000000bdc80000)
Event: 12198.368 GC heap after
Heap after GC invocations=58 (full 15):
 PSYoungGen      total 305152K, used 0K [0x00000000eaa80000, 0x0000000100000000, 0x0000000100000000)
  eden space 265728K, 0% used [0x00000000eaa80000,0x00000000eaa80000,0x00000000fae00000)
  from space 39424K, 0% used [0x00000000fae00000,0x00000000fae00000,0x00000000fd480000)
  to   space 37888K, 0% used [0x00000000fdb00000,0x00000000fdb00000,0x0000000100000000)
 ParOldGen       total 219648K, used 196678K [0x00000000c0000000, 0x00000000cd680000, 0x00000000eaa80000)
  object space 219648K, 89% used [0x00000000c0000000,0x00000000cc011bc8,0x00000000cd680000)
 PSPermGen       total 241152K, used 210217K [0x00000000b0000000, 0x00000000beb80000, 0x00000000c0000000)
  object space 241152K, 87% used [0x00000000b0000000,0x00000000bcd4a7b0,0x00000000beb80000)
}

